[2026-05-15 15:16:56] default.ERROR: 127.0.0.1 GET 127.0.0.1:8788/api/v1/accounts
InvalidArgumentException: Database connection [default] not configured. in /home/wwwroot/ads-php/service/vendor/illuminate/database/DatabaseManager.php:227
Stack trace:
#0 /home/wwwroot/ads-php/service/vendor/illuminate/database/DatabaseManager.php(191): Illuminate\Database\DatabaseManager->configuration()
#1 /home/wwwroot/ads-php/service/vendor/illuminate/database/DatabaseManager.php(103): Illuminate\Database\DatabaseManager->makeConnection()
#2 /home/wwwroot/ads-php/service/vendor/illuminate/database/Eloquent/Model.php(1851): Illuminate\Database\DatabaseManager->connection()
#3 /home/wwwroot/ads-php/service/vendor/illuminate/database/Eloquent/Model.php(1817): Illuminate\Database\Eloquent\Model::resolveConnection()
#4 /home/wwwroot/ads-php/service/vendor/illuminate/database/Eloquent/Model.php(1615): Illuminate\Database\Eloquent\Model->getConnection()
#5 /home/wwwroot/ads-php/service/vendor/illuminate/database/Eloquent/Model.php(1534): Illuminate\Database\Eloquent\Model->newBaseQueryBuilder()
#6 /home/wwwroot/ads-php/service/vendor/illuminate/database/Eloquent/Model.php(1570): Illuminate\Database\Eloquent\Model->newModelQuery()
#7 /home/wwwroot/ads-php/service/vendor/illuminate/database/Eloquent/Model.php(1523): Illuminate\Database\Eloquent\Model->newQueryWithoutScopes()
#8 /home/wwwroot/ads-php/service/vendor/illuminate/database/Eloquent/Model.php(1513): Illuminate\Database\Eloquent\Model->newQuery()
#9 /home/wwwroot/ads-php/service/plugin/ads-api/controller/AccountController.php(12): Illuminate\Database\Eloquent\Model::query()
#10 /home/wwwroot/ads-php/service/vendor/workerman/webman-framework/src/App.php(444): plugin\ads_api\controller\AccountController->index()
#11 /home/wwwroot/ads-php/service/plugin/ads-api/middleware/AuthMiddleware.php(28): Webman\App::Webman\{closure}()
#12 /home/wwwroot/ads-php/service/vendor/workerman/webman-framework/src/App.php(468): plugin\ads_api\middleware\AuthMiddleware->process()
#13 /home/wwwroot/ads-php/service/vendor/workerman/webman-framework/src/App.php(931): Webman\App::Webman\{closure}()
#14 /home/wwwroot/ads-php/service/vendor/workerman/webman-framework/src/App.php(167): Webman\App::findRoute()
#15 /home/wwwroot/ads-php/service/vendor/workerman/workerman/src/Connection/TcpConnection.php(805): Webman\App->onMessage()
#16 /home/wwwroot/ads-php/service/vendor/workerman/workerman/src/Events/Select.php(406): Workerman\Connection\TcpConnection->baseRead()
#17 /home/wwwroot/ads-php/service/vendor/workerman/workerman/src/Worker.php(1758): Workerman\Events\Select->run()
#18 /home/wwwroot/ads-php/service/vendor/workerman/workerman/src/Worker.php(1554): Workerman\Worker::forkOneWorkerForLinux()
#19 /home/wwwroot/ads-php/service/vendor/workerman/workerman/src/Worker.php(1534): Workerman\Worker::forkWorkersForLinux()
#20 /home/wwwroot/ads-php/service/vendor/workerman/workerman/src/Worker.php(603): Workerman\Worker::forkWorkers()
#21 /home/wwwroot/ads-php/service/vendor/workerman/webman-framework/src/support/App.php(147): Workerman\Worker::runAll()
#22 /home/wwwroot/ads-php/service/start.php(27): support\App::run()
#23 {main} [] []
[2026-05-15 15:16:56] default.ERROR: 127.0.0.1 GET 127.0.0.1:8788/api/v1/campaigns
InvalidArgumentException: Database connection [default] not configured. in /home/wwwroot/ads-php/service/vendor/illuminate/database/DatabaseManager.php:227
Stack trace:
#0 /home/wwwroot/ads-php/service/vendor/illuminate/database/DatabaseManager.php(191): Illuminate\Database\DatabaseManager->configuration()
#1 /home/wwwroot/ads-php/service/vendor/illuminate/database/DatabaseManager.php(103): Illuminate\Database\DatabaseManager->makeConnection()
#2 /home/wwwroot/ads-php/service/vendor/illuminate/database/Capsule/Manager.php(109): Illuminate\Database\DatabaseManager->connection()
#3 /home/wwwroot/ads-php/service/vendor/illuminate/database/Capsule/Manager.php(74): Illuminate\Database\Capsule\Manager->getConnection()
#4 /home/wwwroot/ads-php/service/vendor/illuminate/database/Capsule/Manager.php(87): Illuminate\Database\Capsule\Manager::connection()
#5 /home/wwwroot/ads-php/service/plugin/ads-api/controller/CampaignController.php(16): Illuminate\Database\Capsule\Manager::table()
#6 /home/wwwroot/ads-php/service/vendor/workerman/webman-framework/src/App.php(444): plugin\ads_api\controller\CampaignController->index()
#7 /home/wwwroot/ads-php/service/plugin/ads-api/middleware/AuthMiddleware.php(28): Webman\App::Webman\{closure}()
#8 /home/wwwroot/ads-php/service/vendor/workerman/webman-framework/src/App.php(468): plugin\ads_api\middleware\AuthMiddleware->process()
#9 /home/wwwroot/ads-php/service/vendor/workerman/webman-framework/src/App.php(931): Webman\App::Webman\{closure}()
#10 /home/wwwroot/ads-php/service/vendor/workerman/webman-framework/src/App.php(167): Webman\App::findRoute()
#11 /home/wwwroot/ads-php/service/vendor/workerman/workerman/src/Connection/TcpConnection.php(805): Webman\App->onMessage()
#12 /home/wwwroot/ads-php/service/vendor/workerman/workerman/src/Events/Select.php(406): Workerman\Connection\TcpConnection->baseRead()
#13 /home/wwwroot/ads-php/service/vendor/workerman/workerman/src/Worker.php(1758): Workerman\Events\Select->run()
#14 /home/wwwroot/ads-php/service/vendor/workerman/workerman/src/Worker.php(1554): Workerman\Worker::forkOneWorkerForLinux()
#15 /home/wwwroot/ads-php/service/vendor/workerman/workerman/src/Worker.php(1534): Workerman\Worker::forkWorkersForLinux()
#16 /home/wwwroot/ads-php/service/vendor/workerman/workerman/src/Worker.php(603): Workerman\Worker::forkWorkers()
#17 /home/wwwroot/ads-php/service/vendor/workerman/webman-framework/src/support/App.php(147): Workerman\Worker::runAll()
#18 /home/wwwroot/ads-php/service/start.php(27): support\App::run()
#19 {main} [] []
[2026-05-15 15:16:56] default.ERROR: 127.0.0.1 GET 127.0.0.1:8788/api/v1/reports/summary
InvalidArgumentException: Database connection [default] not configured. in /home/wwwroot/ads-php/service/vendor/illuminate/database/DatabaseManager.php:227
Stack trace:
#0 /home/wwwroot/ads-php/service/vendor/illuminate/database/DatabaseManager.php(191): Illuminate\Database\DatabaseManager->configuration()
#1 /home/wwwroot/ads-php/service/vendor/illuminate/database/DatabaseManager.php(103): Illuminate\Database\DatabaseManager->makeConnection()
#2 /home/wwwroot/ads-php/service/vendor/illuminate/database/Capsule/Manager.php(109): Illuminate\Database\DatabaseManager->connection()
#3 /home/wwwroot/ads-php/service/vendor/illuminate/database/Capsule/Manager.php(74): Illuminate\Database\Capsule\Manager->getConnection()
#4 /home/wwwroot/ads-php/service/vendor/illuminate/database/Capsule/Manager.php(87): Illuminate\Database\Capsule\Manager::connection()
#5 /home/wwwroot/ads-php/service/plugin/ads-api/controller/DashboardController.php(16): Illuminate\Database\Capsule\Manager::table()
#6 /home/wwwroot/ads-php/service/vendor/workerman/webman-framework/src/App.php(444): plugin\ads_api\controller\DashboardController->summary()
#7 /home/wwwroot/ads-php/service/plugin/ads-api/middleware/AuthMiddleware.php(28): Webman\App::Webman\{closure}()
#8 /home/wwwroot/ads-php/service/vendor/workerman/webman-framework/src/App.php(468): plugin\ads_api\middleware\AuthMiddleware->process()
#9 /home/wwwroot/ads-php/service/vendor/workerman/webman-framework/src/App.php(931): Webman\App::Webman\{closure}()
#10 /home/wwwroot/ads-php/service/vendor/workerman/webman-framework/src/App.php(167): Webman\App::findRoute()
#11 /home/wwwroot/ads-php/service/vendor/workerman/workerman/src/Connection/TcpConnection.php(805): Webman\App->onMessage()
#12 /home/wwwroot/ads-php/service/vendor/workerman/workerman/src/Events/Select.php(406): Workerman\Connection\TcpConnection->baseRead()
#13 /home/wwwroot/ads-php/service/vendor/workerman/workerman/src/Worker.php(1758): Workerman\Events\Select->run()
#14 /home/wwwroot/ads-php/service/vendor/workerman/workerman/src/Worker.php(1554): Workerman\Worker::forkOneWorkerForLinux()
#15 /home/wwwroot/ads-php/service/vendor/workerman/workerman/src/Worker.php(1534): Workerman\Worker::forkWorkersForLinux()
#16 /home/wwwroot/ads-php/service/vendor/workerman/workerman/src/Worker.php(603): Workerman\Worker::forkWorkers()
#17 /home/wwwroot/ads-php/service/vendor/workerman/webman-framework/src/support/App.php(147): Workerman\Worker::runAll()
#18 /home/wwwroot/ads-php/service/start.php(27): support\App::run()
#19 {main} [] []
[2026-05-15 15:31:18] default.ERROR: 127.0.0.1 GET 127.0.0.1:8788/api/v1/accounts
Error: Class "Illuminate\Pagination\Paginator" not found in /home/wwwroot/ads-php/service/vendor/illuminate/database/Eloquent/Builder.php:1027
Stack trace:
#0 /home/wwwroot/ads-php/service/plugin/ads-api/controller/AccountController.php(20): Illuminate\Database\Eloquent\Builder->paginate()
#1 /home/wwwroot/ads-php/service/vendor/workerman/webman-framework/src/App.php(444): plugin\ads_api\controller\AccountController->index()
#2 /home/wwwroot/ads-php/service/plugin/ads-api/middleware/AuthMiddleware.php(28): Webman\App::Webman\{closure}()
#3 /home/wwwroot/ads-php/service/vendor/workerman/webman-framework/src/App.php(468): plugin\ads_api\middleware\AuthMiddleware->process()
#4 /home/wwwroot/ads-php/service/vendor/workerman/webman-framework/src/App.php(931): Webman\App::Webman\{closure}()
#5 /home/wwwroot/ads-php/service/vendor/workerman/webman-framework/src/App.php(167): Webman\App::findRoute()
#6 /home/wwwroot/ads-php/service/vendor/workerman/workerman/src/Connection/TcpConnection.php(805): Webman\App->onMessage()
#7 /home/wwwroot/ads-php/service/vendor/workerman/workerman/src/Events/Select.php(406): Workerman\Connection\TcpConnection->baseRead()
#8 /home/wwwroot/ads-php/service/vendor/workerman/workerman/src/Worker.php(1758): Workerman\Events\Select->run()
#9 /home/wwwroot/ads-php/service/vendor/workerman/workerman/src/Worker.php(1554): Workerman\Worker::forkOneWorkerForLinux()
#10 /home/wwwroot/ads-php/service/vendor/workerman/workerman/src/Worker.php(1534): Workerman\Worker::forkWorkersForLinux()
#11 /home/wwwroot/ads-php/service/vendor/workerman/workerman/src/Worker.php(603): Workerman\Worker::forkWorkers()
#12 /home/wwwroot/ads-php/service/vendor/workerman/webman-framework/src/support/App.php(147): Workerman\Worker::runAll()
#13 /home/wwwroot/ads-php/service/start.php(28): support\App::run()
#14 {main} [] []
[2026-05-15 15:31:18] default.ERROR: 127.0.0.1 GET 127.0.0.1:8788/api/v1/campaigns
Error: Class "Illuminate\Pagination\Paginator" not found in /home/wwwroot/ads-php/service/vendor/illuminate/database/Query/Builder.php:3149
Stack trace:
#0 /home/wwwroot/ads-php/service/plugin/ads-api/controller/CampaignController.php(32): Illuminate\Database\Query\Builder->paginate()
#1 /home/wwwroot/ads-php/service/vendor/workerman/webman-framework/src/App.php(444): plugin\ads_api\controller\CampaignController->index()
#2 /home/wwwroot/ads-php/service/plugin/ads-api/middleware/AuthMiddleware.php(28): Webman\App::Webman\{closure}()
#3 /home/wwwroot/ads-php/service/vendor/workerman/webman-framework/src/App.php(468): plugin\ads_api\middleware\AuthMiddleware->process()
#4 /home/wwwroot/ads-php/service/vendor/workerman/webman-framework/src/App.php(931): Webman\App::Webman\{closure}()
#5 /home/wwwroot/ads-php/service/vendor/workerman/webman-framework/src/App.php(167): Webman\App::findRoute()
#6 /home/wwwroot/ads-php/service/vendor/workerman/workerman/src/Connection/TcpConnection.php(805): Webman\App->onMessage()
#7 /home/wwwroot/ads-php/service/vendor/workerman/workerman/src/Events/Select.php(406): Workerman\Connection\TcpConnection->baseRead()
#8 /home/wwwroot/ads-php/service/vendor/workerman/workerman/src/Worker.php(1758): Workerman\Events\Select->run()
#9 /home/wwwroot/ads-php/service/vendor/workerman/workerman/src/Worker.php(1554): Workerman\Worker::forkOneWorkerForLinux()
#10 /home/wwwroot/ads-php/service/vendor/workerman/workerman/src/Worker.php(1534): Workerman\Worker::forkWorkersForLinux()
#11 /home/wwwroot/ads-php/service/vendor/workerman/workerman/src/Worker.php(603): Workerman\Worker::forkWorkers()
#12 /home/wwwroot/ads-php/service/vendor/workerman/webman-framework/src/support/App.php(147): Workerman\Worker::runAll()
#13 /home/wwwroot/ads-php/service/start.php(28): support\App::run()
#14 {main} [] []
